<?xml version="1.0" encoding="UTF-8"?>
<!-- Generated by org.testng.reporters.JUnitReportReporter -->
<testsuite skipped="0" hostname="Clairvoyant-040" name="com.goibibo.NewTest" tests="1" failures="0" timestamp="20 Apr 2020 09:44:30 GMT" time="21.346" errors="0">
  <testcase name="f" time="21.346" classname="com.goibibo.NewTest"/>
</testsuite> <!-- com.goibibo.NewTest -->
