<?xml version="1.0" encoding="UTF-8"?>
<!-- Generated by org.testng.reporters.JUnitReportReporter -->
<testsuite skipped="0" hostname="Clairvoyant-040" name="com.goibibo.Tests.Goibibo_Price_Test" tests="1" failures="0" timestamp="21 Apr 2020 12:55:46 GMT" time="22.770" errors="0">
  <testcase name="f" time="22.770" classname="com.goibibo.Tests.Goibibo_Price_Test"/>
</testsuite> <!-- com.goibibo.Tests.Goibibo_Price_Test -->
