<?xml version="1.0" encoding="UTF-8"?>
<!-- Generated by org.testng.reporters.JUnitReportReporter -->
<testsuite skipped="0" hostname="Clairvoyant-040" name="com.goibibo.NewTest" tests="1" failures="0" timestamp="20 Apr 2020 11:43:42 GMT" time="22.542" errors="0">
  <testcase name="f" time="22.542" classname="com.goibibo.NewTest"/>
</testsuite> <!-- com.goibibo.NewTest -->
